[dotenv@17.3.1] injecting env (7) from .env -- tip: 🔐 encrypt with Dotenvx: https://dotenvx.com
[dotenv@17.3.1] injecting env (0) from .env -- tip: 🔐 encrypt with Dotenvx: https://dotenvx.com
[dotenv@17.3.1] injecting env (0) from .env -- tip: ⚙️  write to custom object with { processEnv: myObject }
Server running on http://localhost:5000
Error sending email: Error: Invalid login: 535-5.7.8 Username and Password not accepted. For more information, go to
535 5.7.8  https://support.google.com/mail/?p=BadCredentials 98e67ed59e1d1-35662f8cc13sm18387446a91.14 - gsmtp
    at SMTPConnection._formatError (C:\Users\ibadu\Desktop\beyond\Beyond-Degrees\node_modules\nodemailer\lib\smtp-connection\index.js:912:19)
    at SMTPConnection._actionAUTHComplete (C:\Users\ibadu\Desktop\beyond\Beyond-Degrees\node_modules\nodemailer\lib\smtp-connection\index.js:1722:34)
    at SMTPConnection.<anonymous> (C:\Users\ibadu\Desktop\beyond\Beyond-Degrees\node_modules\nodemailer\lib\smtp-connection\index.js:651:26)
    at SMTPConnection._processResponse (C:\Users\ibadu\Desktop\beyond\Beyond-Degrees\node_modules\nodemailer\lib\smtp-connection\index.js:1098:20)
    at SMTPConnection._onData (C:\Users\ibadu\Desktop\beyond\Beyond-Degrees\node_modules\nodemailer\lib\smtp-connection\index.js:872:14)
    at SMTPConnection._onSocketData (C:\Users\ibadu\Desktop\beyond\Beyond-Degrees\node_modules\nodemailer\lib\smtp-connection\index.js:196:44)
    at TLSSocket.emit (node:events:508:28)
    at addChunk (node:internal/streams/readable:559:12)
    at readableAddChunkPushByteMode (node:internal/streams/readable:510:3)
    at Readable.push (node:internal/streams/readable:390:5) {
  code: 'EAUTH',
  response: '535-5.7.8 Username and Password not accepted. For more information, go to\n' +
    '535 5.7.8  https://support.google.com/mail/?p=BadCredentials 98e67ed59e1d1-35662f8cc13sm18387446a91.14 - gsmtp',
  responseCode: 535,
  command: 'AUTH PLAIN'
}
---------------------------------------------------
[FALLBACK] Email failed. Your OTP is: 503319
---------------------------------------------------
Error sending email: Error: Invalid login: 535-5.7.8 Username and Password not accepted. For more information, go to
535 5.7.8  https://support.google.com/mail/?p=BadCredentials d2e1a72fcca58-824c6b6a099sm11196843b3a.33 - gsmtp
    at SMTPConnection._formatError (C:\Users\ibadu\Desktop\beyond\Beyond-Degrees\node_modules\nodemailer\lib\smtp-connection\index.js:912:19)
    at SMTPConnection._actionAUTHComplete (C:\Users\ibadu\Desktop\beyond\Beyond-Degrees\node_modules\nodemailer\lib\smtp-connection\index.js:1722:34)
    at SMTPConnection.<anonymous> (C:\Users\ibadu\Desktop\beyond\Beyond-Degrees\node_modules\nodemailer\lib\smtp-connection\index.js:651:26)
    at SMTPConnection._processResponse (C:\Users\ibadu\Desktop\beyond\Beyond-Degrees\node_modules\nodemailer\lib\smtp-connection\index.js:1098:20)
    at SMTPConnection._onData (C:\Users\ibadu\Desktop\beyond\Beyond-Degrees\node_modules\nodemailer\lib\smtp-connection\index.js:872:14)
    at SMTPConnection._onSocketData (C:\Users\ibadu\Desktop\beyond\Beyond-Degrees\node_modules\nodemailer\lib\smtp-connection\index.js:196:44)
    at TLSSocket.emit (node:events:508:28)
    at addChunk (node:internal/streams/readable:559:12)
    at readableAddChunkPushByteMode (node:internal/streams/readable:510:3)
    at Readable.push (node:internal/streams/readable:390:5) {
  code: 'EAUTH',
  response: '535-5.7.8 Username and Password not accepted. For more information, go to\n' +
    '535 5.7.8  https://support.google.com/mail/?p=BadCredentials d2e1a72fcca58-824c6b6a099sm11196843b3a.33 - gsmtp',
  responseCode: 535,
  command: 'AUTH PLAIN'
}
---------------------------------------------------
[FALLBACK] Email failed. Your OTP is: 658601
---------------------------------------------------
